<?xml version="1.0" encoding="UTF-8"?>
<!-- Generated by org.testng.reporters.JUnitReportReporter -->
<testsuite hostname="NDI-LAP-109" failures="0" tests="1" name="CartTest.CartProductTest" time="15.559" errors="0" timestamp="21 Feb 2022 11:40:34 GMT" skipped="0">
  <testcase classname="CartTest.CartProductTest" name="test_to_login_add_product_checkout_verify_product_and_removal" time="15.559"/>
</testsuite> <!-- CartTest.CartProductTest -->
